<?xml version="1.0" encoding="UTF-8"?>
<!-- Generated by org.testng.reporters.JUnitReportReporter -->
<testsuite hostname="Dharunkumar" failures="0" tests="1" name="com.example.demo.Task_03" time="17.233" errors="0" timestamp="2 Jun 2023 07:01:55 GMT">
  <testcase classname="com.example.demo.Task_03" name="userPass" time="17.233"/>
</testsuite> <!-- com.example.demo.Task_03 -->
