<?xml version="1.0" encoding="UTF-8"?>
<!-- Generated by org.testng.reporters.JUnitReportReporter -->
<testsuite hostname="Dharunkumar" failures="0" tests="2" name="com.example.demo.Task_04" time="5.371" errors="0" timestamp="2 Jun 2023 10:21:43 GMT">
  <testcase classname="com.example.demo.Task_04" name="login" time="3.360"/>
  <testcase classname="com.example.demo.Task_04" name="logout" time="2.011"/>
</testsuite> <!-- com.example.demo.Task_04 -->
