<?xml version="1.0" encoding="UTF-8"?>
<!-- Generated by org.testng.reporters.JUnitReportReporter -->
<testsuite hostname="Dharunkumar" failures="0" tests="4" name="com.example.demo.Task_02" time="0.010" errors="0" timestamp="2 Jun 2023 06:25:34 GMT">
  <testcase classname="com.example.demo.Task_02" name="subtract" time="0.001"/>
  <testcase classname="com.example.demo.Task_02" name="multiply" time="0.001"/>
  <testcase classname="com.example.demo.Task_02" name="add" time="0.007"/>
  <testcase classname="com.example.demo.Task_02" name="divide" time="0.001"/>
</testsuite> <!-- com.example.demo.Task_02 -->
