<?xml version="1.0" encoding="UTF-8"?>
<!-- Generated by org.testng.reporters.JUnitReportReporter -->
<testsuite hostname="Dharunkumar" failures="0" tests="1" name="com.example.demo.Task_01" time="7.024" errors="0" timestamp="2 Jun 2023 05:57:27 GMT">
  <testcase classname="com.example.demo.Task_01" name="verifyTitle" time="7.024"/>
</testsuite> <!-- com.example.demo.Task_01 -->
